2019-01-29 09:25:53,750 INFO [main] com.danning.silkroad.helipay.SilkroadLoanHelipayApplication [StartupInfoLogger.java:48] - Starting SilkroadLoanHelipayApplication on chenchao with PID 9108 (E:\code\sihuo\silkroad-loan-helipay\target\classes started by chao in E:\code\sihuo\silkroad-loan-helipay)
2019-01-29 09:25:53,778 DEBUG [main] com.danning.silkroad.helipay.SilkroadLoanHelipayApplication [StartupInfoLogger.java:51] - Running with Spring Boot v1.5.7.RELEASE, Spring v4.3.11.RELEASE
2019-01-29 09:25:53,779 INFO [main] com.danning.silkroad.helipay.SilkroadLoanHelipayApplication [SpringApplication.java:593] - No active profile set, falling back to default profiles: default
2019-01-29 09:25:54,344 INFO [main] org.springframework.boot.context.embedded.AnnotationConfigEmbeddedWebApplicationContext [AbstractApplicationContext.java:583] - Refreshing org.springframework.boot.context.embedded.AnnotationConfigEmbeddedWebApplicationContext@223d2c72: startup date [Tue Jan 29 09:25:54 CST 2019]; root of context hierarchy
2019-01-29 09:25:55,011 INFO [background-preinit] org.hibernate.validator.internal.util.Version [Version.java:30] - HV000001: Hibernate Validator 5.3.5.Final
2019-01-29 09:25:59,540 INFO [main] org.springframework.boot.context.embedded.tomcat.TomcatEmbeddedServletContainer [TomcatEmbeddedServletContainer.java:89] - Tomcat initialized with port(s): 8090 (http)
2019-01-29 09:25:59,738 INFO [main] org.apache.catalina.core.StandardService [DirectJDKLog.java:179] - Starting service [Tomcat]
2019-01-29 09:25:59,740 INFO [main] org.apache.catalina.core.StandardEngine [DirectJDKLog.java:179] - Starting Servlet Engine: Apache Tomcat/8.5.20
2019-01-29 09:26:00,099 INFO [localhost-startStop-1] org.apache.catalina.core.ContainerBase.[Tomcat].[localhost].[/] [DirectJDKLog.java:179] - Initializing Spring embedded WebApplicationContext
2019-01-29 09:26:00,100 INFO [localhost-startStop-1] org.springframework.web.context.ContextLoader [EmbeddedWebApplicationContext.java:276] - Root WebApplicationContext: initialization completed in 5756 ms
2019-01-29 09:26:00,377 INFO [localhost-startStop-1] org.springframework.boot.web.servlet.ServletRegistrationBean [ServletRegistrationBean.java:190] - Mapping servlet: 'dispatcherServlet' to [/]
2019-01-29 09:26:00,396 INFO [localhost-startStop-1] org.springframework.boot.web.servlet.FilterRegistrationBean [AbstractFilterRegistrationBean.java:258] - Mapping filter: 'characterEncodingFilter' to: [/*]
2019-01-29 09:26:00,397 INFO [localhost-startStop-1] org.springframework.boot.web.servlet.FilterRegistrationBean [AbstractFilterRegistrationBean.java:258] - Mapping filter: 'hiddenHttpMethodFilter' to: [/*]
2019-01-29 09:26:00,398 INFO [localhost-startStop-1] org.springframework.boot.web.servlet.FilterRegistrationBean [AbstractFilterRegistrationBean.java:258] - Mapping filter: 'httpPutFormContentFilter' to: [/*]
2019-01-29 09:26:00,398 INFO [localhost-startStop-1] org.springframework.boot.web.servlet.FilterRegistrationBean [AbstractFilterRegistrationBean.java:258] - Mapping filter: 'requestContextFilter' to: [/*]
2019-01-29 09:26:01,653 INFO [main] org.springframework.web.servlet.mvc.method.annotation.RequestMappingHandlerMapping [AbstractHandlerMethodMapping.java:543] - Mapped "{[/trade/quickPayment/syncNotice],methods=[POST],produces=[application/x-www-form-urlencoded]}" onto public java.lang.String com.danning.silkroad.helipay.controller.QuickPaymentApi.syncNotice(javax.servlet.http.HttpServletRequest)
2019-01-29 09:26:01,656 INFO [main] org.springframework.web.servlet.mvc.method.annotation.RequestMappingHandlerMapping [AbstractHandlerMethodMapping.java:543] - Mapped "{[/trade/df/paymentResultNotice],methods=[POST],produces=[application/x-www-form-urlencoded]}" onto public java.lang.String com.danning.silkroad.helipay.controller.TransferApi.paymentResultNotice(javax.servlet.http.HttpServletRequest)
2019-01-29 09:26:01,665 INFO [main] org.springframework.web.servlet.mvc.method.annotation.RequestMappingHandlerMapping [AbstractHandlerMethodMapping.java:543] - Mapped "{[/swagger-resources/configuration/security]}" onto public org.springframework.http.ResponseEntity<springfox.documentation.swagger.web.SecurityConfiguration> springfox.documentation.swagger.web.ApiResourceController.securityConfiguration()
2019-01-29 09:26:01,667 INFO [main] org.springframework.web.servlet.mvc.method.annotation.RequestMappingHandlerMapping [AbstractHandlerMethodMapping.java:543] - Mapped "{[/swagger-resources/configuration/ui]}" onto public org.springframework.http.ResponseEntity<springfox.documentation.swagger.web.UiConfiguration> springfox.documentation.swagger.web.ApiResourceController.uiConfiguration()
2019-01-29 09:26:01,669 INFO [main] org.springframework.web.servlet.mvc.method.annotation.RequestMappingHandlerMapping [AbstractHandlerMethodMapping.java:543] - Mapped "{[/swagger-resources]}" onto public org.springframework.http.ResponseEntity<java.util.List<springfox.documentation.swagger.web.SwaggerResource>> springfox.documentation.swagger.web.ApiResourceController.swaggerResources()
2019-01-29 09:26:01,680 INFO [main] org.springframework.web.servlet.mvc.method.annotation.RequestMappingHandlerMapping [AbstractHandlerMethodMapping.java:543] - Mapped "{[/error]}" onto public org.springframework.http.ResponseEntity<java.util.Map<java.lang.String, java.lang.Object>> org.springframework.boot.autoconfigure.web.BasicErrorController.error(javax.servlet.http.HttpServletRequest)
2019-01-29 09:26:01,681 INFO [main] org.springframework.web.servlet.mvc.method.annotation.RequestMappingHandlerMapping [AbstractHandlerMethodMapping.java:543] - Mapped "{[/error],produces=[text/html]}" onto public org.springframework.web.servlet.ModelAndView org.springframework.boot.autoconfigure.web.BasicErrorController.errorHtml(javax.servlet.http.HttpServletRequest,javax.servlet.http.HttpServletResponse)
2019-01-29 09:26:02,047 INFO [main] springfox.documentation.spring.web.PropertySourcedRequestMappingHandlerMapping [PropertySourcedRequestMappingHandlerMapping.java:65] - Mapped URL path [/api-doc] onto method [public org.springframework.http.ResponseEntity<springfox.documentation.spring.web.json.Json> springfox.documentation.swagger2.web.Swagger2Controller.getDocumentation(java.lang.String,javax.servlet.http.HttpServletRequest)]
2019-01-29 09:26:02,530 INFO [main] org.springframework.web.servlet.mvc.method.annotation.RequestMappingHandlerAdapter [RequestMappingHandlerAdapter.java:534] - Looking for @ControllerAdvice: org.springframework.boot.context.embedded.AnnotationConfigEmbeddedWebApplicationContext@223d2c72: startup date [Tue Jan 29 09:25:54 CST 2019]; root of context hierarchy
2019-01-29 09:26:02,668 INFO [main] org.springframework.web.servlet.handler.SimpleUrlHandlerMapping [AbstractUrlHandlerMapping.java:362] - Mapped URL path [/webjars/**] onto handler of type [class org.springframework.web.servlet.resource.ResourceHttpRequestHandler]
2019-01-29 09:26:02,669 INFO [main] org.springframework.web.servlet.handler.SimpleUrlHandlerMapping [AbstractUrlHandlerMapping.java:362] - Mapped URL path [/**] onto handler of type [class org.springframework.web.servlet.resource.ResourceHttpRequestHandler]
2019-01-29 09:26:02,730 INFO [main] org.springframework.web.servlet.handler.SimpleUrlHandlerMapping [AbstractUrlHandlerMapping.java:362] - Mapped URL path [/**/favicon.ico] onto handler of type [class org.springframework.web.servlet.resource.ResourceHttpRequestHandler]
2019-01-29 09:26:03,003 INFO [main] org.springframework.jmx.export.annotation.AnnotationMBeanExporter [MBeanExporter.java:431] - Registering beans for JMX exposure on startup
2019-01-29 09:26:03,034 INFO [main] org.springframework.context.support.DefaultLifecycleProcessor [DefaultLifecycleProcessor.java:343] - Starting beans in phase 2147483647
2019-01-29 09:26:03,035 INFO [main] springfox.documentation.spring.web.plugins.DocumentationPluginsBootstrapper [DocumentationPluginsBootstrapper.java:151] - Context refreshed
2019-01-29 09:26:03,093 INFO [main] springfox.documentation.spring.web.plugins.DocumentationPluginsBootstrapper [DocumentationPluginsBootstrapper.java:154] - Found 1 custom documentation plugin(s)
2019-01-29 09:26:03,143 INFO [main] springfox.documentation.spring.web.scanners.ApiListingReferenceScanner [ApiListingReferenceScanner.java:41] - Scanning for api listing references
2019-01-29 09:26:03,402 INFO [main] org.apache.coyote.http11.Http11NioProtocol [DirectJDKLog.java:179] - Initializing ProtocolHandler ["http-nio-8090"]
2019-01-29 09:26:03,481 INFO [main] org.apache.coyote.http11.Http11NioProtocol [DirectJDKLog.java:179] - Starting ProtocolHandler ["http-nio-8090"]
2019-01-29 09:26:03,501 INFO [main] org.apache.tomcat.util.net.NioSelectorPool [DirectJDKLog.java:179] - Using a shared selector for servlet write/read
2019-01-29 09:26:03,539 INFO [main] org.springframework.boot.context.embedded.tomcat.TomcatEmbeddedServletContainer [TomcatEmbeddedServletContainer.java:201] - Tomcat started on port(s): 8090 (http)
2019-01-29 09:26:03,556 INFO [main] com.danning.silkroad.helipay.SilkroadLoanHelipayApplication [StartupInfoLogger.java:57] - Started SilkroadLoanHelipayApplication in 11.77 seconds (JVM running for 15.485)
2019-01-29 09:29:56,048 INFO [main] com.danning.silkroad.helipay.service.QuickPaymentServiceTest [StartupInfoLogger.java:48] - Starting QuickPaymentServiceTest on chenchao with PID 16060 (started by chao in E:\code\sihuo\silkroad-loan-helipay)
2019-01-29 09:29:56,053 DEBUG [main] com.danning.silkroad.helipay.service.QuickPaymentServiceTest [StartupInfoLogger.java:51] - Running with Spring Boot v1.5.7.RELEASE, Spring v4.3.11.RELEASE
2019-01-29 09:29:56,057 INFO [main] com.danning.silkroad.helipay.service.QuickPaymentServiceTest [SpringApplication.java:593] - No active profile set, falling back to default profiles: default
2019-01-29 09:29:56,172 INFO [main] org.springframework.web.context.support.GenericWebApplicationContext [AbstractApplicationContext.java:583] - Refreshing org.springframework.web.context.support.GenericWebApplicationContext@1c5920df: startup date [Tue Jan 29 09:29:56 CST 2019]; root of context hierarchy
2019-01-29 09:29:57,271 INFO [background-preinit] org.hibernate.validator.internal.util.Version [Version.java:30] - HV000001: Hibernate Validator 5.3.5.Final
2019-01-29 09:30:02,906 INFO [main] org.springframework.web.servlet.mvc.method.annotation.RequestMappingHandlerMapping [AbstractHandlerMethodMapping.java:543] - Mapped "{[/trade/quickPayment/syncNotice],methods=[POST],produces=[application/x-www-form-urlencoded]}" onto public java.lang.String com.danning.silkroad.helipay.controller.QuickPaymentApi.syncNotice(javax.servlet.http.HttpServletRequest)
2019-01-29 09:30:02,912 INFO [main] org.springframework.web.servlet.mvc.method.annotation.RequestMappingHandlerMapping [AbstractHandlerMethodMapping.java:543] - Mapped "{[/trade/df/paymentResultNotice],methods=[POST],produces=[application/x-www-form-urlencoded]}" onto public java.lang.String com.danning.silkroad.helipay.controller.TransferApi.paymentResultNotice(javax.servlet.http.HttpServletRequest)
2019-01-29 09:30:02,930 INFO [main] org.springframework.web.servlet.mvc.method.annotation.RequestMappingHandlerMapping [AbstractHandlerMethodMapping.java:543] - Mapped "{[/swagger-resources/configuration/security]}" onto public org.springframework.http.ResponseEntity<springfox.documentation.swagger.web.SecurityConfiguration> springfox.documentation.swagger.web.ApiResourceController.securityConfiguration()
2019-01-29 09:30:02,932 INFO [main] org.springframework.web.servlet.mvc.method.annotation.RequestMappingHandlerMapping [AbstractHandlerMethodMapping.java:543] - Mapped "{[/swagger-resources/configuration/ui]}" onto public org.springframework.http.ResponseEntity<springfox.documentation.swagger.web.UiConfiguration> springfox.documentation.swagger.web.ApiResourceController.uiConfiguration()
2019-01-29 09:30:02,934 INFO [main] org.springframework.web.servlet.mvc.method.annotation.RequestMappingHandlerMapping [AbstractHandlerMethodMapping.java:543] - Mapped "{[/swagger-resources]}" onto public org.springframework.http.ResponseEntity<java.util.List<springfox.documentation.swagger.web.SwaggerResource>> springfox.documentation.swagger.web.ApiResourceController.swaggerResources()
2019-01-29 09:30:02,985 INFO [main] org.springframework.web.servlet.mvc.method.annotation.RequestMappingHandlerMapping [AbstractHandlerMethodMapping.java:543] - Mapped "{[/error]}" onto public org.springframework.http.ResponseEntity<java.util.Map<java.lang.String, java.lang.Object>> org.springframework.boot.autoconfigure.web.BasicErrorController.error(javax.servlet.http.HttpServletRequest)
2019-01-29 09:30:02,986 INFO [main] org.springframework.web.servlet.mvc.method.annotation.RequestMappingHandlerMapping [AbstractHandlerMethodMapping.java:543] - Mapped "{[/error],produces=[text/html]}" onto public org.springframework.web.servlet.ModelAndView org.springframework.boot.autoconfigure.web.BasicErrorController.errorHtml(javax.servlet.http.HttpServletRequest,javax.servlet.http.HttpServletResponse)
2019-01-29 09:30:03,483 INFO [main] springfox.documentation.spring.web.PropertySourcedRequestMappingHandlerMapping [PropertySourcedRequestMappingHandlerMapping.java:65] - Mapped URL path [/api-doc] onto method [public org.springframework.http.ResponseEntity<springfox.documentation.spring.web.json.Json> springfox.documentation.swagger2.web.Swagger2Controller.getDocumentation(java.lang.String,javax.servlet.http.HttpServletRequest)]
2019-01-29 09:30:04,367 INFO [main] org.springframework.web.servlet.mvc.method.annotation.RequestMappingHandlerAdapter [RequestMappingHandlerAdapter.java:534] - Looking for @ControllerAdvice: org.springframework.web.context.support.GenericWebApplicationContext@1c5920df: startup date [Tue Jan 29 09:29:56 CST 2019]; root of context hierarchy
2019-01-29 09:30:04,512 INFO [main] org.springframework.web.servlet.handler.SimpleUrlHandlerMapping [AbstractUrlHandlerMapping.java:362] - Mapped URL path [/webjars/**] onto handler of type [class org.springframework.web.servlet.resource.ResourceHttpRequestHandler]
2019-01-29 09:30:04,513 INFO [main] org.springframework.web.servlet.handler.SimpleUrlHandlerMapping [AbstractUrlHandlerMapping.java:362] - Mapped URL path [/**] onto handler of type [class org.springframework.web.servlet.resource.ResourceHttpRequestHandler]
2019-01-29 09:30:04,592 INFO [main] org.springframework.web.servlet.handler.SimpleUrlHandlerMapping [AbstractUrlHandlerMapping.java:362] - Mapped URL path [/**/favicon.ico] onto handler of type [class org.springframework.web.servlet.resource.ResourceHttpRequestHandler]
2019-01-29 09:30:04,871 INFO [main] org.springframework.context.support.DefaultLifecycleProcessor [DefaultLifecycleProcessor.java:343] - Starting beans in phase 2147483647
2019-01-29 09:30:04,872 INFO [main] springfox.documentation.spring.web.plugins.DocumentationPluginsBootstrapper [DocumentationPluginsBootstrapper.java:151] - Context refreshed
2019-01-29 09:30:04,923 INFO [main] springfox.documentation.spring.web.plugins.DocumentationPluginsBootstrapper [DocumentationPluginsBootstrapper.java:154] - Found 1 custom documentation plugin(s)
2019-01-29 09:30:04,978 INFO [main] springfox.documentation.spring.web.scanners.ApiListingReferenceScanner [ApiListingReferenceScanner.java:41] - Scanning for api listing references
2019-01-29 09:30:05,194 INFO [main] com.danning.silkroad.helipay.service.QuickPaymentServiceTest [StartupInfoLogger.java:57] - Started QuickPaymentServiceTest in 11.22 seconds (JVM running for 13.86)
2019-01-29 09:30:05,357 DEBUG [main] com.danning.silkroad.helipay.utils.JsonUtils [JsonUtils.java:116] - JSON-ËÆæÁΩÆÊó∂Âå∫‰∏∫:GMT+8:00
2019-01-29 09:30:05,358 DEBUG [main] com.danning.silkroad.helipay.utils.JsonUtils [JsonUtils.java:121] - JSON-ËÆæÁΩÆÊó∂Èó¥Ê†ºÂºè‰∏∫:yyyy-MM-dd HH:mm:ss
2019-01-29 09:30:05,451 INFO [main] com.danning.silkroad.helipay.service.impl.QuickPaymentServiceImpl [QuickPaymentServiceImpl.java:110] - „ÄêÁªëÂç°ÊîØ‰ªòÁü≠‰ø°„ÄëËØ∑Ê±ÇÂèÇÊï∞:{"signatureType":"MD5WITHRSA","p8_orderAmount":"0.11","p2_customerNumber":"C1800532519","p7_currency":"CNY","p9_phone":"18788866925","p5_orderId":"2019012917265512348","p6_timestamp":"20190129201355","p1_bizType":"QuickPayBindPayValidateCode","p3_bindId":"ad15032db3eb4b3187e6a3c44bb2fe9a","p4_userId":"1000000001"}
2019-01-29 09:30:09,531 INFO [main] com.danning.silkroad.helipay.utils.MessageHandle [MessageHandle.java:156] - „ÄêÂä†ÂØÜ„ÄëÂéüÁ≠æÂêç‰∏≤Ôºö&QuickPayBindPayValidateCode&C1800532519&ad15032db3eb4b3187e6a3c44bb2fe9a&1000000001&2019012917265512348&20190129201355&CNY&0.11&hoApfNAipfmRW/P6mNRXig==
2019-01-29 09:30:10,643 INFO [main] com.danning.silkroad.helipay.utils.MessageHandle [MessageHandle.java:161] - „ÄêÂä†ÂØÜ„ÄëÁ≠æÂêçsignÔºöbQ/R7ikoz4Pe1rCUYohQjSna/aOXDtY0w5CmY30VE07j4YoOkhNdtQHwBWJeQgtQYlXiRJmjrt4ODV3eTm5ZVL4TNjmAEPBRcO5utGUY64n3R6JwhINVrI3gyaUOWcr6ZIbyd+F/hCxldvrQ51r0aI5hGylnaaFFzA4RG/371q+D/P6sYLpZwMnI0Yz/K23EojTM3PXH1gFTtjBHWoAKVipgTUZcMNiVm8+nhVePVQCxKSVYDvvwAxS4qL9orFxax509cgX59KBAHYl6khjcejcVrfmfIEpSdHLKVZW7XSVBcBFK5ncG1B8z+GxIkWn3jlj4h7rF8qBJsBG2p4rNzA==
2019-01-29 09:30:11,642 DEBUG [main] com.danning.silkroad.helipay.utils.JsonUtils [JsonUtils.java:116] - JSON-ËÆæÁΩÆÊó∂Âå∫‰∏∫:GMT+8:00
2019-01-29 09:30:11,643 DEBUG [main] com.danning.silkroad.helipay.utils.JsonUtils [JsonUtils.java:121] - JSON-ËÆæÁΩÆÊó∂Èó¥Ê†ºÂºè‰∏∫:yyyy-MM-dd HH:mm:ss
2019-01-29 09:30:11,675 INFO [main] com.danning.silkroad.helipay.service.impl.QuickPaymentServiceImpl [QuickPaymentServiceImpl.java:122] - „ÄêÁªëÂç°ÊîØ‰ªòÁü≠‰ø°„ÄëÂêàÂà©ÂÆùËøîÂõûÁªìÊûú:{"headers":{"Date":["Tue, 29 Jan 2019 01:30:15 GMT"],"Content-Type":["text/plain;charset=UTF-8"],"Transfer-Encoding":["chunked"],"Connection":["keep-alive"],"Vary":["Accept-Encoding","Accept-Encoding"]},"body":{"rt1_bizType":"QuickPayBindPayValidateCode","rt2_retCode":"0000","rt3_retMsg":"ÊàêÂäü","rt4_customerNumber":"C1800532519","rt5_orderId":"2019012917265512348","rt6_phone":"18788866925","sign":"UJIQcDb2eSPD8yXV00RYhkRxFZXwCU+RAClyoIMZdE0mAC6X42UXT5uqkLsMUgDLRTK1UG4B6C9EQbNpFOTYWhO15sHKr7ozFwLa2r5L2ey0NjlGtnd8VTpQCYzX+TNztjxHnVVTIPv4L5YlCm4Vr7j0QiwJCi7fckmcJECTaQXqTOTUzCOOZI0Sjxa8o1jx1oPHC7YsXRqRw7lXC9qn9qOO/KKcONgoF+muzjZjcyCrbE4uUUXfRPfnN9WBC7n3j6zlZxzmUxKVOJX+QN5PURdF9y4vRNU/emRiDQqGkK3kt88C3Ki/x8qf/RxfxctTmtd1rdyg6pw9osnrPH412A=="},"statusCode":"OK","statusCodeValue":200}
2019-01-29 09:30:11,676 INFO [main] com.danning.silkroad.helipay.utils.MessageHandle [MessageHandle.java:237] - „ÄêÈ™åÁ≠æ„ÄëresponseÈ™åÁ≠æÂéüÁ≠æÂêç‰∏≤Ôºö&QuickPayBindPayValidateCode&0000&C1800532519&2019012917265512348&18788866925
2019-01-29 09:30:11,684 INFO [main] com.danning.silkroad.helipay.utils.MessageHandle [MessageHandle.java:242] - „ÄêÈ™åÁ≠æ„ÄëÈ™åÁ≠æÊàêÂäü
2019-01-29 09:30:11,685 INFO [main] com.danning.silkroad.helipay.service.impl.QuickPaymentServiceImpl [QuickPaymentServiceImpl.java:125] - „ÄêÁªëÂç°ÊîØ‰ªòÁü≠‰ø°„ÄëÈ™åÁ≠æÁªìÊûú:true
2019-01-29 09:30:11,686 DEBUG [main] com.danning.silkroad.helipay.utils.JsonUtils [JsonUtils.java:116] - JSON-ËÆæÁΩÆÊó∂Âå∫‰∏∫:GMT+8:00
2019-01-29 09:30:11,686 DEBUG [main] com.danning.silkroad.helipay.utils.JsonUtils [JsonUtils.java:121] - JSON-ËÆæÁΩÆÊó∂Èó¥Ê†ºÂºè‰∏∫:yyyy-MM-dd HH:mm:ss
2019-01-29 09:30:11,689 INFO [main] com.danning.silkroad.helipay.common.response.SilkroadResponse [SilkroadResponse.java:55] - ‰∏öÂä°ÊàêÂäü „ÄêÁªëÂç°ÊîØ‰ªòÁü≠‰ø°„ÄëËØ∑Ê±ÇÊàêÂäü {"rt1_bizType":"QuickPayBindPayValidateCode","rt2_retCode":"0000","rt3_retMsg":"ÊàêÂäü","rt4_customerNumber":"C1800532519","rt5_orderId":"2019012917265512348","rt6_phone":"18788866925","sign":"UJIQcDb2eSPD8yXV00RYhkRxFZXwCU+RAClyoIMZdE0mAC6X42UXT5uqkLsMUgDLRTK1UG4B6C9EQbNpFOTYWhO15sHKr7ozFwLa2r5L2ey0NjlGtnd8VTpQCYzX+TNztjxHnVVTIPv4L5YlCm4Vr7j0QiwJCi7fckmcJECTaQXqTOTUzCOOZI0Sjxa8o1jx1oPHC7YsXRqRw7lXC9qn9qOO/KKcONgoF+muzjZjcyCrbE4uUUXfRPfnN9WBC7n3j6zlZxzmUxKVOJX+QN5PURdF9y4vRNU/emRiDQqGkK3kt88C3Ki/x8qf/RxfxctTmtd1rdyg6pw9osnrPH412A=="}
2019-01-29 09:30:11,690 DEBUG [main] com.danning.silkroad.helipay.utils.JsonUtils [JsonUtils.java:116] - JSON-ËÆæÁΩÆÊó∂Âå∫‰∏∫:GMT+8:00
2019-01-29 09:30:11,691 DEBUG [main] com.danning.silkroad.helipay.utils.JsonUtils [JsonUtils.java:121] - JSON-ËÆæÁΩÆÊó∂Èó¥Ê†ºÂºè‰∏∫:yyyy-MM-dd HH:mm:ss
2019-01-29 09:30:11,711 INFO [Thread-2] org.springframework.web.context.support.GenericWebApplicationContext [AbstractApplicationContext.java:984] - Closing org.springframework.web.context.support.GenericWebApplicationContext@1c5920df: startup date [Tue Jan 29 09:29:56 CST 2019]; root of context hierarchy
2019-01-29 09:30:11,726 INFO [Thread-2] org.springframework.context.support.DefaultLifecycleProcessor [DefaultLifecycleProcessor.java:358] - Stopping beans in phase 2147483647
2019-01-29 09:30:50,853 INFO [main] com.danning.silkroad.helipay.service.QuickPaymentServiceTest [StartupInfoLogger.java:48] - Starting QuickPaymentServiceTest on chenchao with PID 15256 (started by chao in E:\code\sihuo\silkroad-loan-helipay)
2019-01-29 09:30:50,928 DEBUG [main] com.danning.silkroad.helipay.service.QuickPaymentServiceTest [StartupInfoLogger.java:51] - Running with Spring Boot v1.5.7.RELEASE, Spring v4.3.11.RELEASE
2019-01-29 09:30:50,929 INFO [main] com.danning.silkroad.helipay.service.QuickPaymentServiceTest [SpringApplication.java:593] - No active profile set, falling back to default profiles: default
2019-01-29 09:30:51,031 INFO [main] org.springframework.web.context.support.GenericWebApplicationContext [AbstractApplicationContext.java:583] - Refreshing org.springframework.web.context.support.GenericWebApplicationContext@1c5920df: startup date [Tue Jan 29 09:30:51 CST 2019]; root of context hierarchy
2019-01-29 09:30:51,951 INFO [background-preinit] org.hibernate.validator.internal.util.Version [Version.java:30] - HV000001: Hibernate Validator 5.3.5.Final
2019-01-29 09:30:55,707 INFO [main] org.springframework.web.servlet.mvc.method.annotation.RequestMappingHandlerMapping [AbstractHandlerMethodMapping.java:543] - Mapped "{[/trade/quickPayment/syncNotice],methods=[POST],produces=[application/x-www-form-urlencoded]}" onto public java.lang.String com.danning.silkroad.helipay.controller.QuickPaymentApi.syncNotice(javax.servlet.http.HttpServletRequest)
2019-01-29 09:30:55,711 INFO [main] org.springframework.web.servlet.mvc.method.annotation.RequestMappingHandlerMapping [AbstractHandlerMethodMapping.java:543] - Mapped "{[/trade/df/paymentResultNotice],methods=[POST],produces=[application/x-www-form-urlencoded]}" onto public java.lang.String com.danning.silkroad.helipay.controller.TransferApi.paymentResultNotice(javax.servlet.http.HttpServletRequest)
2019-01-29 09:30:55,723 INFO [main] org.springframework.web.servlet.mvc.method.annotation.RequestMappingHandlerMapping [AbstractHandlerMethodMapping.java:543] - Mapped "{[/swagger-resources]}" onto public org.springframework.http.ResponseEntity<java.util.List<springfox.documentation.swagger.web.SwaggerResource>> springfox.documentation.swagger.web.ApiResourceController.swaggerResources()
2019-01-29 09:30:55,724 INFO [main] org.springframework.web.servlet.mvc.method.annotation.RequestMappingHandlerMapping [AbstractHandlerMethodMapping.java:543] - Mapped "{[/swagger-resources/configuration/ui]}" onto public org.springframework.http.ResponseEntity<springfox.documentation.swagger.web.UiConfiguration> springfox.documentation.swagger.web.ApiResourceController.uiConfiguration()
2019-01-29 09:30:55,726 INFO [main] org.springframework.web.servlet.mvc.method.annotation.RequestMappingHandlerMapping [AbstractHandlerMethodMapping.java:543] - Mapped "{[/swagger-resources/configuration/security]}" onto public org.springframework.http.ResponseEntity<springfox.documentation.swagger.web.SecurityConfiguration> springfox.documentation.swagger.web.ApiResourceController.securityConfiguration()
2019-01-29 09:30:55,736 INFO [main] org.springframework.web.servlet.mvc.method.annotation.RequestMappingHandlerMapping [AbstractHandlerMethodMapping.java:543] - Mapped "{[/error]}" onto public org.springframework.http.ResponseEntity<java.util.Map<java.lang.String, java.lang.Object>> org.springframework.boot.autoconfigure.web.BasicErrorController.error(javax.servlet.http.HttpServletRequest)
2019-01-29 09:30:55,737 INFO [main] org.springframework.web.servlet.mvc.method.annotation.RequestMappingHandlerMapping [AbstractHandlerMethodMapping.java:543] - Mapped "{[/error],produces=[text/html]}" onto public org.springframework.web.servlet.ModelAndView org.springframework.boot.autoconfigure.web.BasicErrorController.errorHtml(javax.servlet.http.HttpServletRequest,javax.servlet.http.HttpServletResponse)
2019-01-29 09:30:56,055 INFO [main] springfox.documentation.spring.web.PropertySourcedRequestMappingHandlerMapping [PropertySourcedRequestMappingHandlerMapping.java:65] - Mapped URL path [/api-doc] onto method [public org.springframework.http.ResponseEntity<springfox.documentation.spring.web.json.Json> springfox.documentation.swagger2.web.Swagger2Controller.getDocumentation(java.lang.String,javax.servlet.http.HttpServletRequest)]
2019-01-29 09:30:57,112 INFO [main] org.springframework.web.servlet.mvc.method.annotation.RequestMappingHandlerAdapter [RequestMappingHandlerAdapter.java:534] - Looking for @ControllerAdvice: org.springframework.web.context.support.GenericWebApplicationContext@1c5920df: startup date [Tue Jan 29 09:30:51 CST 2019]; root of context hierarchy
2019-01-29 09:30:57,242 INFO [main] org.springframework.web.servlet.handler.SimpleUrlHandlerMapping [AbstractUrlHandlerMapping.java:362] - Mapped URL path [/webjars/**] onto handler of type [class org.springframework.web.servlet.resource.ResourceHttpRequestHandler]
2019-01-29 09:30:57,243 INFO [main] org.springframework.web.servlet.handler.SimpleUrlHandlerMapping [AbstractUrlHandlerMapping.java:362] - Mapped URL path [/**] onto handler of type [class org.springframework.web.servlet.resource.ResourceHttpRequestHandler]
2019-01-29 09:30:57,348 INFO [main] org.springframework.web.servlet.handler.SimpleUrlHandlerMapping [AbstractUrlHandlerMapping.java:362] - Mapped URL path [/**/favicon.ico] onto handler of type [class org.springframework.web.servlet.resource.ResourceHttpRequestHandler]
2019-01-29 09:30:57,701 INFO [main] org.springframework.context.support.DefaultLifecycleProcessor [DefaultLifecycleProcessor.java:343] - Starting beans in phase 2147483647
2019-01-29 09:30:57,713 INFO [main] springfox.documentation.spring.web.plugins.DocumentationPluginsBootstrapper [DocumentationPluginsBootstrapper.java:151] - Context refreshed
2019-01-29 09:30:57,814 INFO [main] springfox.documentation.spring.web.plugins.DocumentationPluginsBootstrapper [DocumentationPluginsBootstrapper.java:154] - Found 1 custom documentation plugin(s)
2019-01-29 09:30:59,433 INFO [main] springfox.documentation.spring.web.scanners.ApiListingReferenceScanner [ApiListingReferenceScanner.java:41] - Scanning for api listing references
2019-01-29 09:30:59,623 INFO [main] com.danning.silkroad.helipay.service.QuickPaymentServiceTest [StartupInfoLogger.java:57] - Started QuickPaymentServiceTest in 10.117 seconds (JVM running for 11.737)
2019-01-29 09:30:59,751 DEBUG [main] com.danning.silkroad.helipay.utils.JsonUtils [JsonUtils.java:116] - JSON-ËÆæÁΩÆÊó∂Âå∫‰∏∫:GMT+8:00
2019-01-29 09:30:59,752 DEBUG [main] com.danning.silkroad.helipay.utils.JsonUtils [JsonUtils.java:121] - JSON-ËÆæÁΩÆÊó∂Èó¥Ê†ºÂºè‰∏∫:yyyy-MM-dd HH:mm:ss
2019-01-29 09:30:59,845 INFO [main] com.danning.silkroad.helipay.service.impl.QuickPaymentServiceImpl [QuickPaymentServiceImpl.java:140] - „ÄêÁªëÂç°ÊîØ‰ªò„ÄëËØ∑Ê±ÇÂèÇÊï∞:{"signatureType":"MD5WITHRSA","p8_orderAmount":"0.11","p15_periodUnit":"","p17_validateCode":"745288","p12_terminalId":"122121212121","p16_serverCallbackUrl":"http://150hy91322.51mypc.cn:57396/trade/quickPayment/syncNotice","p11_terminalType":"IMEI","p2_customerNumber":"C1800532519","p6_timestamp":"20190129203155","p13_orderIp":"127.0.0.1","p14_period":"","p4_userId":"1000000001","p9_goodsName":"ËãπÊûú","p10_goodsDesc":"ipad","p3_bindId":"ad15032db3eb4b3187e6a3c44bb2fe9a","p7_currency":"CNY","p1_bizType":"QuickPayBindPay","p5_orderId":"2019012917265512348"}
2019-01-29 09:31:04,187 INFO [main] com.danning.silkroad.helipay.utils.MessageHandle [MessageHandle.java:156] - „ÄêÂä†ÂØÜ„ÄëÂéüÁ≠æÂêç‰∏≤Ôºö&QuickPayBindPay&C1800532519&ad15032db3eb4b3187e6a3c44bb2fe9a&1000000001&2019012917265512348&20190129203155&CNY&0.11&ËãπÊûú&ipad&IMEI&122121212121&127.0.0.1&&&http://150hy91322.51mypc.cn:57396/trade/quickPayment/syncNotice
2019-01-29 09:31:05,431 INFO [main] com.danning.silkroad.helipay.utils.MessageHandle [MessageHandle.java:161] - „ÄêÂä†ÂØÜ„ÄëÁ≠æÂêçsignÔºöaQ3cezjaSnbwUR4AkyPE+2RpIh57HcC9hRyYeV1alp6lXx9glZiIRXXuSsCX9AKh7uYEVGMk3Oag2gGzz4Y8FX4BMf+yBNbhj+OAq4WiyC0IKBIpJrt6ByJkyWEETiAafowX+t4myuAznXpwAaQ7JD6tcoR5JNbDHL1ZlGWoKMtwesL8GFRIJuK9VAs9dM/1kpRWAVTjJTeNGkWVbbXMbLhTZduFzQUfDyy07jPSO7LGBCfLAECA8VHPAsQPFJPkV0WtyEscscDCdEWQf4aA7d86dyPqmgjSD14JwQa9niQHfQ4wRVT3/JPWeMSloRoNgue4cEp1Bfo9XOeUQ5kq/Q==
2019-01-29 09:31:08,482 INFO [http-nio-8090-exec-1] org.apache.catalina.core.ContainerBase.[Tomcat].[localhost].[/] [DirectJDKLog.java:179] - Initializing Spring FrameworkServlet 'dispatcherServlet'
2019-01-29 09:31:08,483 INFO [http-nio-8090-exec-1] org.springframework.web.servlet.DispatcherServlet [FrameworkServlet.java:489] - FrameworkServlet 'dispatcherServlet': initialization started
2019-01-29 09:31:08,515 INFO [http-nio-8090-exec-1] org.springframework.web.servlet.DispatcherServlet [FrameworkServlet.java:508] - FrameworkServlet 'dispatcherServlet': initialization completed in 32 ms
2019-01-29 09:31:08,605 DEBUG [http-nio-8090-exec-1] com.danning.silkroad.helipay.utils.JsonUtils [JsonUtils.java:116] - JSON-ËÆæÁΩÆÊó∂Âå∫‰∏∫:GMT+8:00
2019-01-29 09:31:08,606 DEBUG [http-nio-8090-exec-1] com.danning.silkroad.helipay.utils.JsonUtils [JsonUtils.java:121] - JSON-ËÆæÁΩÆÊó∂Èó¥Ê†ºÂºè‰∏∫:yyyy-MM-dd HH:mm:ss
2019-01-29 09:31:08,663 DEBUG [main] com.danning.silkroad.helipay.utils.JsonUtils [JsonUtils.java:116] - JSON-ËÆæÁΩÆÊó∂Âå∫‰∏∫:GMT+8:00
2019-01-29 09:31:08,665 DEBUG [main] com.danning.silkroad.helipay.utils.JsonUtils [JsonUtils.java:121] - JSON-ËÆæÁΩÆÊó∂Èó¥Ê†ºÂºè‰∏∫:yyyy-MM-dd HH:mm:ss
2019-01-29 09:31:08,726 INFO [main] com.danning.silkroad.helipay.service.impl.QuickPaymentServiceImpl [QuickPaymentServiceImpl.java:152] - „ÄêÁªëÂç°ÊîØ‰ªò„ÄëÂêàÂà©ÂÆùËøîÂõûÁªìÊûú:{"headers":{"Date":["Tue, 29 Jan 2019 01:31:12 GMT"],"Content-Type":["text/plain;charset=UTF-8"],"Transfer-Encoding":["chunked"],"Connection":["keep-alive"],"Vary":["Accept-Encoding","Accept-Encoding"]},"body":{"rt1_bizType":"QuickPayBindPay","rt2_retCode":"0000","rt3_retMsg":"ÊàêÂäü","rt4_customerNumber":"C1800532519","rt5_orderId":"2019012917265512348","rt6_serialNumber":"QUICKPAY190129093109ZRLE","rt7_completeDate":"2019-01-29 09:31:11","rt8_orderAmount":"0.11","rt9_orderStatus":"SUCCESS","rt10_bindId":"ad15032db3eb4b3187e6a3c44bb2fe9a","rt11_bankId":"BOCO","rt12_onlineCardType":"DEBIT","rt13_cardAfterFour":"0139","rt14_userId":"1000000001","sign":"YEndM5l9+b88uqqrfI9TOZckvwioanEC26kyrekcLMMFy1wfaVX5zHpU1t6TaD/YgWcdK9DsK8b2xE5N3qT1V27ojP7J3JqtQ51XEjFM7jGphiWOM+S+0Bvh+b2LM4Jd81SkJEpss5VqlGAj0aNJlpkGB25gaikUuSjF3QT3/88tSh5bX8PMDc0eu7FcImlQ524RDgtKZZ6DxWDneD0/bJmppveWv/5cm2lvQX/bqg9f0EOOLhF/a9nA9J2J+arohZTj3U0q/cT81G0khxqkHuvQdey4u0t+AKTjMFHV0VLZqip0LxClHNm71H4EZQnOPjxUp+ztP5dORylHkiPXWw=="},"statusCode":"OK","statusCodeValue":200}
2019-01-29 09:31:08,727 INFO [main] com.danning.silkroad.helipay.utils.MessageHandle [MessageHandle.java:237] - „ÄêÈ™åÁ≠æ„ÄëresponseÈ™åÁ≠æÂéüÁ≠æÂêç‰∏≤Ôºö&QuickPayBindPay&0000&ÊàêÂäü&C1800532519&2019012917265512348&QUICKPAY190129093109ZRLE&2019-01-29 09:31:11&0.11&SUCCESS&ad15032db3eb4b3187e6a3c44bb2fe9a&BOCO&DEBIT&0139&1000000001
2019-01-29 09:31:08,739 INFO [main] com.danning.silkroad.helipay.utils.MessageHandle [MessageHandle.java:242] - „ÄêÈ™åÁ≠æ„ÄëÈ™åÁ≠æÊàêÂäü
2019-01-29 09:31:08,740 INFO [main] com.danning.silkroad.helipay.service.impl.QuickPaymentServiceImpl [QuickPaymentServiceImpl.java:155] - „ÄêÁªëÂç°ÊîØ‰ªò„ÄëÈ™åÁ≠æÁªìÊûú:true
2019-01-29 09:31:08,741 DEBUG [main] com.danning.silkroad.helipay.utils.JsonUtils [JsonUtils.java:116] - JSON-ËÆæÁΩÆÊó∂Âå∫‰∏∫:GMT+8:00
2019-01-29 09:31:08,742 DEBUG [main] com.danning.silkroad.helipay.utils.JsonUtils [JsonUtils.java:121] - JSON-ËÆæÁΩÆÊó∂Èó¥Ê†ºÂºè‰∏∫:yyyy-MM-dd HH:mm:ss
2019-01-29 09:31:08,765 INFO [http-nio-8090-exec-1] com.danning.silkroad.helipay.controller.QuickPaymentApi [QuickPaymentApi.java:56] - „ÄêÁªëÂç°ÊîØ‰ªòÂõûË∞É„ÄëËØ∑Ê±ÇÂèÇÊï∞:{"rt1_bizType":"QuickPayConfirmPay","rt2_retCode":"0000","rt3_retMsg":"ÊàêÂäü","rt4_customerNumber":"C1800532519","rt5_orderId":"2019012917265512348","rt6_serialNumber":"QUICKPAY190129093109ZRLE","rt7_completeDate":"2019-01-29 09:31:11","rt8_orderAmount":"0.11","rt9_orderStatus":"SUCCESS","rt10_bindId":"ad15032db3eb4b3187e6a3c44bb2fe9a","rt11_bankId":"BOCO","rt12_onlineCardType":"DEBIT","rt13_cardAfterFour":"0139","rt14_userId":"1000000001","sign":"XaJXcMU/9OZoST9rOsQAVkab4hEE1+vwnv28bGSLZWhE/DhwG6RvwIXekxW+8//w0K/1Yu+7ErbT3qNfwlOhDJfc/aEb351RiuBNpCLisJpDUK40NAxnQ2kBKH4nAPdW83bHqwa5LJgMdTnpt6aAGpTdJn/ld7PZkIeFHcU7HzEBevBXX47UO475bxofBdfc9LIMP991PT3bwB7kZFij5qY3tY/z1VkkmIYu7blDNGcL4GAu7tu+9n2noWwYHSrFeJkt4znan+OwsBWErQK3FI6pp1RfC/4rth+CBImuNPDpAAyCya+5hCi2HSzxLTHKiL/LRVXLa3PUCGf6B4oL+w=="}
2019-01-29 09:31:08,771 INFO [main] com.danning.silkroad.helipay.common.response.SilkroadResponse [SilkroadResponse.java:55] - ‰∏öÂä°ÊàêÂäü „ÄêÁªëÂç°ÊîØ‰ªò„ÄëËØ∑Ê±ÇÊàêÂäü {"rt1_bizType":"QuickPayBindPay","rt2_retCode":"0000","rt3_retMsg":"ÊàêÂäü","rt4_customerNumber":"C1800532519","rt5_orderId":"2019012917265512348","rt6_serialNumber":"QUICKPAY190129093109ZRLE","rt7_completeDate":"2019-01-29 09:31:11","rt8_orderAmount":"0.11","rt9_orderStatus":"SUCCESS","rt10_bindId":"ad15032db3eb4b3187e6a3c44bb2fe9a","rt11_bankId":"BOCO","rt12_onlineCardType":"DEBIT","rt13_cardAfterFour":"0139","rt14_userId":"1000000001","sign":"YEndM5l9+b88uqqrfI9TOZckvwioanEC26kyrekcLMMFy1wfaVX5zHpU1t6TaD/YgWcdK9DsK8b2xE5N3qT1V27ojP7J3JqtQ51XEjFM7jGphiWOM+S+0Bvh+b2LM4Jd81SkJEpss5VqlGAj0aNJlpkGB25gaikUuSjF3QT3/88tSh5bX8PMDc0eu7FcImlQ524RDgtKZZ6DxWDneD0/bJmppveWv/5cm2lvQX/bqg9f0EOOLhF/a9nA9J2J+arohZTj3U0q/cT81G0khxqkHuvQdey4u0t+AKTjMFHV0VLZqip0LxClHNm71H4EZQnOPjxUp+ztP5dORylHkiPXWw=="}
2019-01-29 09:31:08,771 DEBUG [main] com.danning.silkroad.helipay.utils.JsonUtils [JsonUtils.java:116] - JSON-ËÆæÁΩÆÊó∂Âå∫‰∏∫:GMT+8:00
2019-01-29 09:31:08,772 DEBUG [main] com.danning.silkroad.helipay.utils.JsonUtils [JsonUtils.java:121] - JSON-ËÆæÁΩÆÊó∂Èó¥Ê†ºÂºè‰∏∫:yyyy-MM-dd HH:mm:ss
2019-01-29 09:31:08,796 INFO [Thread-2] org.springframework.web.context.support.GenericWebApplicationContext [AbstractApplicationContext.java:984] - Closing org.springframework.web.context.support.GenericWebApplicationContext@1c5920df: startup date [Tue Jan 29 09:30:51 CST 2019]; root of context hierarchy
2019-01-29 09:31:08,802 INFO [Thread-2] org.springframework.context.support.DefaultLifecycleProcessor [DefaultLifecycleProcessor.java:358] - Stopping beans in phase 2147483647
2019-01-29 09:31:08,918 INFO [http-nio-8090-exec-1] com.danning.silkroad.helipay.utils.MessageHandle [MessageHandle.java:237] - „ÄêÈ™åÁ≠æ„ÄëresponseÈ™åÁ≠æÂéüÁ≠æÂêç‰∏≤Ôºö&QuickPayConfirmPay&0000&ÊàêÂäü&C1800532519&2019012917265512348&QUICKPAY190129093109ZRLE&2019-01-29 09:31:11&0.11&SUCCESS&ad15032db3eb4b3187e6a3c44bb2fe9a&BOCO&DEBIT&0139&1000000001
2019-01-29 09:31:09,127 INFO [http-nio-8090-exec-1] com.danning.silkroad.helipay.utils.MessageHandle [MessageHandle.java:242] - „ÄêÈ™åÁ≠æ„ÄëÈ™åÁ≠æÊàêÂäü
2019-01-29 09:31:09,128 INFO [http-nio-8090-exec-1] com.danning.silkroad.helipay.service.impl.QuickPaymentServiceImpl [QuickPaymentServiceImpl.java:281] - „ÄêÁªëÂç°ÊîØ‰ªòÂõûË∞É„ÄëÈ™åÁ≠æÊàêÂäü
2019-01-29 10:00:32,129 INFO [main] com.danning.silkroad.helipay.service.QuickPaymentServiceTest [StartupInfoLogger.java:48] - Starting QuickPaymentServiceTest on chenchao with PID 7948 (started by chao in E:\code\sihuo\silkroad-loan-helipay)
2019-01-29 10:00:32,132 DEBUG [main] com.danning.silkroad.helipay.service.QuickPaymentServiceTest [StartupInfoLogger.java:51] - Running with Spring Boot v1.5.7.RELEASE, Spring v4.3.11.RELEASE
2019-01-29 10:00:32,133 INFO [main] com.danning.silkroad.helipay.service.QuickPaymentServiceTest [SpringApplication.java:593] - No active profile set, falling back to default profiles: default
2019-01-29 10:00:32,200 INFO [main] org.springframework.web.context.support.GenericWebApplicationContext [AbstractApplicationContext.java:583] - Refreshing org.springframework.web.context.support.GenericWebApplicationContext@210ab13f: startup date [Tue Jan 29 10:00:32 CST 2019]; root of context hierarchy
2019-01-29 10:00:33,085 INFO [background-preinit] org.hibernate.validator.internal.util.Version [Version.java:30] - HV000001: Hibernate Validator 5.3.5.Final
2019-01-29 10:00:38,300 INFO [main] org.springframework.web.servlet.mvc.method.annotation.RequestMappingHandlerMapping [AbstractHandlerMethodMapping.java:543] - Mapped "{[/trade/quickPayment/syncNotice],methods=[POST],produces=[application/x-www-form-urlencoded]}" onto public java.lang.String com.danning.silkroad.helipay.controller.QuickPaymentApi.syncNotice(javax.servlet.http.HttpServletRequest)
2019-01-29 10:00:38,314 INFO [main] org.springframework.web.servlet.mvc.method.annotation.RequestMappingHandlerMapping [AbstractHandlerMethodMapping.java:543] - Mapped "{[/trade/df/paymentResultNotice],methods=[POST],produces=[application/x-www-form-urlencoded]}" onto public java.lang.String com.danning.silkroad.helipay.controller.TransferApi.paymentResultNotice(javax.servlet.http.HttpServletRequest)
2019-01-29 10:00:38,326 INFO [main] org.springframework.web.servlet.mvc.method.annotation.RequestMappingHandlerMapping [AbstractHandlerMethodMapping.java:543] - Mapped "{[/swagger-resources/configuration/security]}" onto public org.springframework.http.ResponseEntity<springfox.documentation.swagger.web.SecurityConfiguration> springfox.documentation.swagger.web.ApiResourceController.securityConfiguration()
2019-01-29 10:00:38,329 INFO [main] org.springframework.web.servlet.mvc.method.annotation.RequestMappingHandlerMapping [AbstractHandlerMethodMapping.java:543] - Mapped "{[/swagger-resources/configuration/ui]}" onto public org.springframework.http.ResponseEntity<springfox.documentation.swagger.web.UiConfiguration> springfox.documentation.swagger.web.ApiResourceController.uiConfiguration()
2019-01-29 10:00:38,332 INFO [main] org.springframework.web.servlet.mvc.method.annotation.RequestMappingHandlerMapping [AbstractHandlerMethodMapping.java:543] - Mapped "{[/swagger-resources]}" onto public org.springframework.http.ResponseEntity<java.util.List<springfox.documentation.swagger.web.SwaggerResource>> springfox.documentation.swagger.web.ApiResourceController.swaggerResources()
2019-01-29 10:00:38,347 INFO [main] org.springframework.web.servlet.mvc.method.annotation.RequestMappingHandlerMapping [AbstractHandlerMethodMapping.java:543] - Mapped "{[/error]}" onto public org.springframework.http.ResponseEntity<java.util.Map<java.lang.String, java.lang.Object>> org.springframework.boot.autoconfigure.web.BasicErrorController.error(javax.servlet.http.HttpServletRequest)
2019-01-29 10:00:38,348 INFO [main] org.springframework.web.servlet.mvc.method.annotation.RequestMappingHandlerMapping [AbstractHandlerMethodMapping.java:543] - Mapped "{[/error],produces=[text/html]}" onto public org.springframework.web.servlet.ModelAndView org.springframework.boot.autoconfigure.web.BasicErrorController.errorHtml(javax.servlet.http.HttpServletRequest,javax.servlet.http.HttpServletResponse)
2019-01-29 10:00:38,645 INFO [main] springfox.documentation.spring.web.PropertySourcedRequestMappingHandlerMapping [PropertySourcedRequestMappingHandlerMapping.java:65] - Mapped URL path [/api-doc] onto method [public org.springframework.http.ResponseEntity<springfox.documentation.spring.web.json.Json> springfox.documentation.swagger2.web.Swagger2Controller.getDocumentation(java.lang.String,javax.servlet.http.HttpServletRequest)]
2019-01-29 10:00:39,358 INFO [main] org.springframework.web.servlet.mvc.method.annotation.RequestMappingHandlerAdapter [RequestMappingHandlerAdapter.java:534] - Looking for @ControllerAdvice: org.springframework.web.context.support.GenericWebApplicationContext@210ab13f: startup date [Tue Jan 29 10:00:32 CST 2019]; root of context hierarchy
2019-01-29 10:00:39,474 INFO [main] org.springframework.web.servlet.handler.SimpleUrlHandlerMapping [AbstractUrlHandlerMapping.java:362] - Mapped URL path [/webjars/**] onto handler of type [class org.springframework.web.servlet.resource.ResourceHttpRequestHandler]
2019-01-29 10:00:39,476 INFO [main] org.springframework.web.servlet.handler.SimpleUrlHandlerMapping [AbstractUrlHandlerMapping.java:362] - Mapped URL path [/**] onto handler of type [class org.springframework.web.servlet.resource.ResourceHttpRequestHandler]
2019-01-29 10:00:39,563 INFO [main] org.springframework.web.servlet.handler.SimpleUrlHandlerMapping [AbstractUrlHandlerMapping.java:362] - Mapped URL path [/**/favicon.ico] onto handler of type [class org.springframework.web.servlet.resource.ResourceHttpRequestHandler]
2019-01-29 10:00:39,899 INFO [main] org.springframework.context.support.DefaultLifecycleProcessor [DefaultLifecycleProcessor.java:343] - Starting beans in phase 2147483647
2019-01-29 10:00:39,900 INFO [main] springfox.documentation.spring.web.plugins.DocumentationPluginsBootstrapper [DocumentationPluginsBootstrapper.java:151] - Context refreshed
2019-01-29 10:00:39,957 INFO [main] springfox.documentation.spring.web.plugins.DocumentationPluginsBootstrapper [DocumentationPluginsBootstrapper.java:154] - Found 1 custom documentation plugin(s)
2019-01-29 10:00:40,016 INFO [main] springfox.documentation.spring.web.scanners.ApiListingReferenceScanner [ApiListingReferenceScanner.java:41] - Scanning for api listing references
2019-01-29 10:00:40,301 INFO [main] com.danning.silkroad.helipay.service.QuickPaymentServiceTest [StartupInfoLogger.java:57] - Started QuickPaymentServiceTest in 9.891 seconds (JVM running for 11.899)
2019-01-29 10:00:40,454 DEBUG [main] com.danning.silkroad.helipay.utils.JsonUtils [JsonUtils.java:116] - JSON-…Ë÷√ ±«¯Œ™:GMT+8:00
2019-01-29 10:00:40,455 DEBUG [main] com.danning.silkroad.helipay.utils.JsonUtils [JsonUtils.java:121] - JSON-…Ë÷√ ±º‰∏Ò ΩŒ™:yyyy-MM-dd HH:mm:ss
2019-01-29 10:00:40,588 INFO [main] com.danning.silkroad.helipay.service.impl.QuickPaymentServiceImpl [QuickPaymentServiceImpl.java:170] - °æ∂©µ•≤È—Ø°ø«Î«Û≤Œ ˝:{"signatureType":"MD5WITHRSA","p3_customerNumber":"C1800532519","p1_bizType":"QuickPayQuery","p2_orderId":"2019012815215512348"}
2019-01-29 10:00:40,963 INFO [main] com.danning.silkroad.helipay.utils.MessageHandle [MessageHandle.java:199] - °æº”√‹°ø‘≠«©√˚¥Æ£∫&QuickPayQuery&2019012815215512348&C1800532519
2019-01-29 10:04:19,259 INFO [main] com.danning.silkroad.helipay.SilkroadLoanHelipayApplication [StartupInfoLogger.java:48] - Starting SilkroadLoanHelipayApplication on chenchao with PID 5632 (E:\code\sihuo\silkroad-loan-helipay\target\classes started by chao in E:\code\sihuo\silkroad-loan-helipay)
2019-01-29 10:04:19,264 DEBUG [main] com.danning.silkroad.helipay.SilkroadLoanHelipayApplication [StartupInfoLogger.java:51] - Running with Spring Boot v1.5.7.RELEASE, Spring v4.3.11.RELEASE
2019-01-29 10:04:19,265 INFO [main] com.danning.silkroad.helipay.SilkroadLoanHelipayApplication [SpringApplication.java:593] - No active profile set, falling back to default profiles: default
2019-01-29 10:04:19,399 INFO [main] org.springframework.boot.context.embedded.AnnotationConfigEmbeddedWebApplicationContext [AbstractApplicationContext.java:583] - Refreshing org.springframework.boot.context.embedded.AnnotationConfigEmbeddedWebApplicationContext@223d2c72: startup date [Tue Jan 29 10:04:19 CST 2019]; root of context hierarchy
2019-01-29 10:04:20,025 INFO [background-preinit] org.hibernate.validator.internal.util.Version [Version.java:30] - HV000001: Hibernate Validator 5.3.5.Final
2019-01-29 10:04:22,561 INFO [main] org.springframework.boot.context.embedded.tomcat.TomcatEmbeddedServletContainer [TomcatEmbeddedServletContainer.java:89] - Tomcat initialized with port(s): 8090 (http)
2019-01-29 10:04:22,574 INFO [main] org.apache.catalina.core.StandardService [DirectJDKLog.java:179] - Starting service [Tomcat]
2019-01-29 10:04:22,576 INFO [main] org.apache.catalina.core.StandardEngine [DirectJDKLog.java:179] - Starting Servlet Engine: Apache Tomcat/8.5.20
2019-01-29 10:04:22,775 INFO [localhost-startStop-1] org.apache.catalina.core.ContainerBase.[Tomcat].[localhost].[/] [DirectJDKLog.java:179] - Initializing Spring embedded WebApplicationContext
2019-01-29 10:04:22,776 INFO [localhost-startStop-1] org.springframework.web.context.ContextLoader [EmbeddedWebApplicationContext.java:276] - Root WebApplicationContext: initialization completed in 3378 ms
2019-01-29 10:04:23,030 INFO [localhost-startStop-1] org.springframework.boot.web.servlet.ServletRegistrationBean [ServletRegistrationBean.java:190] - Mapping servlet: 'dispatcherServlet' to [/]
2019-01-29 10:04:23,038 INFO [localhost-startStop-1] org.springframework.boot.web.servlet.FilterRegistrationBean [AbstractFilterRegistrationBean.java:258] - Mapping filter: 'characterEncodingFilter' to: [/*]
2019-01-29 10:04:23,039 INFO [localhost-startStop-1] org.springframework.boot.web.servlet.FilterRegistrationBean [AbstractFilterRegistrationBean.java:258] - Mapping filter: 'hiddenHttpMethodFilter' to: [/*]
2019-01-29 10:04:23,039 INFO [localhost-startStop-1] org.springframework.boot.web.servlet.FilterRegistrationBean [AbstractFilterRegistrationBean.java:258] - Mapping filter: 'httpPutFormContentFilter' to: [/*]
2019-01-29 10:04:23,040 INFO [localhost-startStop-1] org.springframework.boot.web.servlet.FilterRegistrationBean [AbstractFilterRegistrationBean.java:258] - Mapping filter: 'requestContextFilter' to: [/*]
2019-01-29 10:04:24,232 INFO [main] org.springframework.web.servlet.mvc.method.annotation.RequestMappingHandlerMapping [AbstractHandlerMethodMapping.java:543] - Mapped "{[/trade/quickPayment/syncNotice],methods=[POST],produces=[application/x-www-form-urlencoded]}" onto public java.lang.String com.danning.silkroad.helipay.controller.QuickPaymentApi.syncNotice(javax.servlet.http.HttpServletRequest)
2019-01-29 10:04:24,252 INFO [main] org.springframework.web.servlet.mvc.method.annotation.RequestMappingHandlerMapping [AbstractHandlerMethodMapping.java:543] - Mapped "{[/trade/df/paymentResultNotice],methods=[POST],produces=[application/x-www-form-urlencoded]}" onto public java.lang.String com.danning.silkroad.helipay.controller.TransferApi.paymentResultNotice(javax.servlet.http.HttpServletRequest)
2019-01-29 10:04:24,264 INFO [main] org.springframework.web.servlet.mvc.method.annotation.RequestMappingHandlerMapping [AbstractHandlerMethodMapping.java:543] - Mapped "{[/swagger-resources]}" onto public org.springframework.http.ResponseEntity<java.util.List<springfox.documentation.swagger.web.SwaggerResource>> springfox.documentation.swagger.web.ApiResourceController.swaggerResources()
2019-01-29 10:04:24,266 INFO [main] org.springframework.web.servlet.mvc.method.annotation.RequestMappingHandlerMapping [AbstractHandlerMethodMapping.java:543] - Mapped "{[/swagger-resources/configuration/ui]}" onto public org.springframework.http.ResponseEntity<springfox.documentation.swagger.web.UiConfiguration> springfox.documentation.swagger.web.ApiResourceController.uiConfiguration()
2019-01-29 10:04:24,268 INFO [main] org.springframework.web.servlet.mvc.method.annotation.RequestMappingHandlerMapping [AbstractHandlerMethodMapping.java:543] - Mapped "{[/swagger-resources/configuration/security]}" onto public org.springframework.http.ResponseEntity<springfox.documentation.swagger.web.SecurityConfiguration> springfox.documentation.swagger.web.ApiResourceController.securityConfiguration()
2019-01-29 10:04:24,280 INFO [main] org.springframework.web.servlet.mvc.method.annotation.RequestMappingHandlerMapping [AbstractHandlerMethodMapping.java:543] - Mapped "{[/error]}" onto public org.springframework.http.ResponseEntity<java.util.Map<java.lang.String, java.lang.Object>> org.springframework.boot.autoconfigure.web.BasicErrorController.error(javax.servlet.http.HttpServletRequest)
2019-01-29 10:04:24,281 INFO [main] org.springframework.web.servlet.mvc.method.annotation.RequestMappingHandlerMapping [AbstractHandlerMethodMapping.java:543] - Mapped "{[/error],produces=[text/html]}" onto public org.springframework.web.servlet.ModelAndView org.springframework.boot.autoconfigure.web.BasicErrorController.errorHtml(javax.servlet.http.HttpServletRequest,javax.servlet.http.HttpServletResponse)
2019-01-29 10:04:24,568 INFO [main] springfox.documentation.spring.web.PropertySourcedRequestMappingHandlerMapping [PropertySourcedRequestMappingHandlerMapping.java:65] - Mapped URL path [/api-doc] onto method [public org.springframework.http.ResponseEntity<springfox.documentation.spring.web.json.Json> springfox.documentation.swagger2.web.Swagger2Controller.getDocumentation(java.lang.String,javax.servlet.http.HttpServletRequest)]
2019-01-29 10:04:24,860 INFO [main] org.springframework.web.servlet.mvc.method.annotation.RequestMappingHandlerAdapter [RequestMappingHandlerAdapter.java:534] - Looking for @ControllerAdvice: org.springframework.boot.context.embedded.AnnotationConfigEmbeddedWebApplicationContext@223d2c72: startup date [Tue Jan 29 10:04:19 CST 2019]; root of context hierarchy
2019-01-29 10:04:24,946 INFO [main] org.springframework.web.servlet.handler.SimpleUrlHandlerMapping [AbstractUrlHandlerMapping.java:362] - Mapped URL path [/webjars/**] onto handler of type [class org.springframework.web.servlet.resource.ResourceHttpRequestHandler]
2019-01-29 10:04:24,947 INFO [main] org.springframework.web.servlet.handler.SimpleUrlHandlerMapping [AbstractUrlHandlerMapping.java:362] - Mapped URL path [/**] onto handler of type [class org.springframework.web.servlet.resource.ResourceHttpRequestHandler]
2019-01-29 10:04:24,999 INFO [main] org.springframework.web.servlet.handler.SimpleUrlHandlerMapping [AbstractUrlHandlerMapping.java:362] - Mapped URL path [/**/favicon.ico] onto handler of type [class org.springframework.web.servlet.resource.ResourceHttpRequestHandler]
2019-01-29 10:04:25,259 INFO [main] org.springframework.jmx.export.annotation.AnnotationMBeanExporter [MBeanExporter.java:431] - Registering beans for JMX exposure on startup
2019-01-29 10:04:25,273 INFO [main] org.springframework.context.support.DefaultLifecycleProcessor [DefaultLifecycleProcessor.java:343] - Starting beans in phase 2147483647
2019-01-29 10:04:25,274 INFO [main] springfox.documentation.spring.web.plugins.DocumentationPluginsBootstrapper [DocumentationPluginsBootstrapper.java:151] - Context refreshed
2019-01-29 10:04:25,306 INFO [main] springfox.documentation.spring.web.plugins.DocumentationPluginsBootstrapper [DocumentationPluginsBootstrapper.java:154] - Found 1 custom documentation plugin(s)
2019-01-29 10:04:25,354 INFO [main] springfox.documentation.spring.web.scanners.ApiListingReferenceScanner [ApiListingReferenceScanner.java:41] - Scanning for api listing references
2019-01-29 10:04:25,499 INFO [main] org.apache.coyote.http11.Http11NioProtocol [DirectJDKLog.java:179] - Initializing ProtocolHandler ["http-nio-8090"]
2019-01-29 10:04:25,513 INFO [main] org.apache.coyote.http11.Http11NioProtocol [DirectJDKLog.java:179] - Starting ProtocolHandler ["http-nio-8090"]
2019-01-29 10:04:25,538 INFO [main] org.apache.tomcat.util.net.NioSelectorPool [DirectJDKLog.java:179] - Using a shared selector for servlet write/read
2019-01-29 10:04:25,579 INFO [main] org.springframework.boot.context.embedded.tomcat.TomcatEmbeddedServletContainer [TomcatEmbeddedServletContainer.java:201] - Tomcat started on port(s): 8090 (http)
2019-01-29 10:04:25,587 INFO [main] com.danning.silkroad.helipay.SilkroadLoanHelipayApplication [StartupInfoLogger.java:57] - Started SilkroadLoanHelipayApplication in 6.956 seconds (JVM running for 8.881)
