2019-01-25 22:26:22,888 INFO [main] com.danning.silkroad.helipay.SilkroadLoanHelipayApplication [StartupInfoLogger.java:48] - Starting SilkroadLoanHelipayApplication on chenchao with PID 13976 (E:\code\sihuo\silkroad-loan-helipay\target\classes started by chao in E:\code\sihuo\silkroad-loan-helipay)
2019-01-25 22:26:22,893 DEBUG [main] com.danning.silkroad.helipay.SilkroadLoanHelipayApplication [StartupInfoLogger.java:51] - Running with Spring Boot v1.5.7.RELEASE, Spring v4.3.11.RELEASE
2019-01-25 22:26:22,894 INFO [main] com.danning.silkroad.helipay.SilkroadLoanHelipayApplication [SpringApplication.java:593] - No active profile set, falling back to default profiles: default
2019-01-25 22:26:23,150 INFO [main] org.springframework.boot.context.embedded.AnnotationConfigEmbeddedWebApplicationContext [AbstractApplicationContext.java:583] - Refreshing org.springframework.boot.context.embedded.AnnotationConfigEmbeddedWebApplicationContext@42e99e4a: startup date [Fri Jan 25 22:26:23 CST 2019]; root of context hierarchy
2019-01-25 22:26:24,146 INFO [background-preinit] org.hibernate.validator.internal.util.Version [Version.java:30] - HV000001: Hibernate Validator 5.3.5.Final
2019-01-25 22:26:29,081 INFO [main] org.springframework.boot.context.embedded.tomcat.TomcatEmbeddedServletContainer [TomcatEmbeddedServletContainer.java:89] - Tomcat initialized with port(s): 8090 (http)
2019-01-25 22:26:29,119 INFO [main] org.apache.catalina.core.StandardService [DirectJDKLog.java:179] - Starting service [Tomcat]
2019-01-25 22:26:29,125 INFO [main] org.apache.catalina.core.StandardEngine [DirectJDKLog.java:179] - Starting Servlet Engine: Apache Tomcat/8.5.20
2019-01-25 22:26:29,870 INFO [localhost-startStop-1] org.apache.catalina.core.ContainerBase.[Tomcat].[localhost].[/] [DirectJDKLog.java:179] - Initializing Spring embedded WebApplicationContext
2019-01-25 22:26:29,883 INFO [localhost-startStop-1] org.springframework.web.context.ContextLoader [EmbeddedWebApplicationContext.java:276] - Root WebApplicationContext: initialization completed in 6733 ms
2019-01-25 22:26:30,320 INFO [localhost-startStop-1] org.springframework.boot.web.servlet.ServletRegistrationBean [ServletRegistrationBean.java:190] - Mapping servlet: 'dispatcherServlet' to [/]
2019-01-25 22:26:30,330 INFO [localhost-startStop-1] org.springframework.boot.web.servlet.FilterRegistrationBean [AbstractFilterRegistrationBean.java:258] - Mapping filter: 'characterEncodingFilter' to: [/*]
2019-01-25 22:26:30,332 INFO [localhost-startStop-1] org.springframework.boot.web.servlet.FilterRegistrationBean [AbstractFilterRegistrationBean.java:258] - Mapping filter: 'hiddenHttpMethodFilter' to: [/*]
2019-01-25 22:26:30,332 INFO [localhost-startStop-1] org.springframework.boot.web.servlet.FilterRegistrationBean [AbstractFilterRegistrationBean.java:258] - Mapping filter: 'httpPutFormContentFilter' to: [/*]
2019-01-25 22:26:30,333 INFO [localhost-startStop-1] org.springframework.boot.web.servlet.FilterRegistrationBean [AbstractFilterRegistrationBean.java:258] - Mapping filter: 'requestContextFilter' to: [/*]
2019-01-25 22:26:31,273 INFO [main] org.springframework.web.servlet.mvc.method.annotation.RequestMappingHandlerMapping [AbstractHandlerMethodMapping.java:543] - Mapped "{[/trade/df/singlePayment],methods=[POST],produces=[application/json;charset=UTF-8]}" onto public com.danning.silkroad.helipay.common.response.SilkroadResponse<com.danning.silkroad.helipay.common.response.builder.SinglePaymentBizResponse> com.danning.silkroad.helipay.controller.DFTradeApi.singlePayment(com.danning.silkroad.helipay.vo.SinglePaymentVO)
2019-01-25 22:26:31,276 INFO [main] org.springframework.web.servlet.mvc.method.annotation.RequestMappingHandlerMapping [AbstractHandlerMethodMapping.java:543] - Mapped "{[/trade/df/singlePaymentQuery],methods=[POST],produces=[application/json;charset=UTF-8]}" onto public com.danning.silkroad.helipay.common.response.SilkroadResponse<com.danning.silkroad.helipay.common.response.builder.SinglePaymentQueryBizResponse> com.danning.silkroad.helipay.controller.DFTradeApi.singlePaymentQuery(com.danning.silkroad.helipay.vo.SinglePaymentQueryVO)
2019-01-25 22:26:31,277 INFO [main] org.springframework.web.servlet.mvc.method.annotation.RequestMappingHandlerMapping [AbstractHandlerMethodMapping.java:543] - Mapped "{[/hello]}" onto public java.lang.String com.danning.silkroad.helipay.controller.HelloController.hello()
2019-01-25 22:26:31,291 INFO [main] org.springframework.web.servlet.mvc.method.annotation.RequestMappingHandlerMapping [AbstractHandlerMethodMapping.java:543] - Mapped "{[/swagger-resources/configuration/ui]}" onto public org.springframework.http.ResponseEntity<springfox.documentation.swagger.web.UiConfiguration> springfox.documentation.swagger.web.ApiResourceController.uiConfiguration()
2019-01-25 22:26:31,293 INFO [main] org.springframework.web.servlet.mvc.method.annotation.RequestMappingHandlerMapping [AbstractHandlerMethodMapping.java:543] - Mapped "{[/swagger-resources]}" onto public org.springframework.http.ResponseEntity<java.util.List<springfox.documentation.swagger.web.SwaggerResource>> springfox.documentation.swagger.web.ApiResourceController.swaggerResources()
2019-01-25 22:26:31,296 INFO [main] org.springframework.web.servlet.mvc.method.annotation.RequestMappingHandlerMapping [AbstractHandlerMethodMapping.java:543] - Mapped "{[/swagger-resources/configuration/security]}" onto public org.springframework.http.ResponseEntity<springfox.documentation.swagger.web.SecurityConfiguration> springfox.documentation.swagger.web.ApiResourceController.securityConfiguration()
2019-01-25 22:26:31,305 INFO [main] org.springframework.web.servlet.mvc.method.annotation.RequestMappingHandlerMapping [AbstractHandlerMethodMapping.java:543] - Mapped "{[/error]}" onto public org.springframework.http.ResponseEntity<java.util.Map<java.lang.String, java.lang.Object>> org.springframework.boot.autoconfigure.web.BasicErrorController.error(javax.servlet.http.HttpServletRequest)
2019-01-25 22:26:31,306 INFO [main] org.springframework.web.servlet.mvc.method.annotation.RequestMappingHandlerMapping [AbstractHandlerMethodMapping.java:543] - Mapped "{[/error],produces=[text/html]}" onto public org.springframework.web.servlet.ModelAndView org.springframework.boot.autoconfigure.web.BasicErrorController.errorHtml(javax.servlet.http.HttpServletRequest,javax.servlet.http.HttpServletResponse)
2019-01-25 22:26:31,572 INFO [main] springfox.documentation.spring.web.PropertySourcedRequestMappingHandlerMapping [PropertySourcedRequestMappingHandlerMapping.java:65] - Mapped URL path [/api-doc] onto method [public org.springframework.http.ResponseEntity<springfox.documentation.spring.web.json.Json> springfox.documentation.swagger2.web.Swagger2Controller.getDocumentation(java.lang.String,javax.servlet.http.HttpServletRequest)]
2019-01-25 22:26:31,918 INFO [main] org.springframework.web.servlet.mvc.method.annotation.RequestMappingHandlerAdapter [RequestMappingHandlerAdapter.java:534] - Looking for @ControllerAdvice: org.springframework.boot.context.embedded.AnnotationConfigEmbeddedWebApplicationContext@42e99e4a: startup date [Fri Jan 25 22:26:23 CST 2019]; root of context hierarchy
2019-01-25 22:26:32,009 INFO [main] org.springframework.web.servlet.handler.SimpleUrlHandlerMapping [AbstractUrlHandlerMapping.java:362] - Mapped URL path [/webjars/**] onto handler of type [class org.springframework.web.servlet.resource.ResourceHttpRequestHandler]
2019-01-25 22:26:32,010 INFO [main] org.springframework.web.servlet.handler.SimpleUrlHandlerMapping [AbstractUrlHandlerMapping.java:362] - Mapped URL path [/**] onto handler of type [class org.springframework.web.servlet.resource.ResourceHttpRequestHandler]
2019-01-25 22:26:32,067 INFO [main] org.springframework.web.servlet.handler.SimpleUrlHandlerMapping [AbstractUrlHandlerMapping.java:362] - Mapped URL path [/**/favicon.ico] onto handler of type [class org.springframework.web.servlet.resource.ResourceHttpRequestHandler]
2019-01-25 22:26:32,305 INFO [main] org.springframework.jmx.export.annotation.AnnotationMBeanExporter [MBeanExporter.java:431] - Registering beans for JMX exposure on startup
2019-01-25 22:26:32,319 INFO [main] org.springframework.context.support.DefaultLifecycleProcessor [DefaultLifecycleProcessor.java:343] - Starting beans in phase 2147483647
2019-01-25 22:26:32,319 INFO [main] springfox.documentation.spring.web.plugins.DocumentationPluginsBootstrapper [DocumentationPluginsBootstrapper.java:151] - Context refreshed
2019-01-25 22:26:32,368 INFO [main] springfox.documentation.spring.web.plugins.DocumentationPluginsBootstrapper [DocumentationPluginsBootstrapper.java:154] - Found 1 custom documentation plugin(s)
2019-01-25 22:26:32,421 INFO [main] springfox.documentation.spring.web.scanners.ApiListingReferenceScanner [ApiListingReferenceScanner.java:41] - Scanning for api listing references
2019-01-25 22:26:32,735 INFO [main] org.apache.coyote.http11.Http11NioProtocol [DirectJDKLog.java:179] - Initializing ProtocolHandler ["http-nio-8090"]
2019-01-25 22:26:32,763 INFO [main] org.apache.coyote.http11.Http11NioProtocol [DirectJDKLog.java:179] - Starting ProtocolHandler ["http-nio-8090"]
2019-01-25 22:26:32,787 INFO [main] org.apache.tomcat.util.net.NioSelectorPool [DirectJDKLog.java:179] - Using a shared selector for servlet write/read
2019-01-25 22:26:32,838 INFO [main] org.springframework.boot.context.embedded.tomcat.TomcatEmbeddedServletContainer [TomcatEmbeddedServletContainer.java:201] - Tomcat started on port(s): 8090 (http)
2019-01-25 22:26:32,847 INFO [main] com.danning.silkroad.helipay.SilkroadLoanHelipayApplication [StartupInfoLogger.java:57] - Started SilkroadLoanHelipayApplication in 10.866 seconds (JVM running for 11.908)
2019-01-25 22:30:27,226 INFO [http-nio-8090-exec-10] org.apache.catalina.core.ContainerBase.[Tomcat].[localhost].[/] [DirectJDKLog.java:179] - Initializing Spring FrameworkServlet 'dispatcherServlet'
2019-01-25 22:30:27,227 INFO [http-nio-8090-exec-10] org.springframework.web.servlet.DispatcherServlet [FrameworkServlet.java:489] - FrameworkServlet 'dispatcherServlet': initialization started
2019-01-25 22:30:27,249 INFO [http-nio-8090-exec-10] org.springframework.web.servlet.DispatcherServlet [FrameworkServlet.java:508] - FrameworkServlet 'dispatcherServlet': initialization completed in 22 ms
2019-01-25 22:30:27,309 DEBUG [http-nio-8090-exec-10] com.danning.silkroad.helipay.utils.JsonUtils [JsonUtils.java:116] - JSON-设置时区为:GMT+8:00
2019-01-25 22:30:27,310 DEBUG [http-nio-8090-exec-10] com.danning.silkroad.helipay.utils.JsonUtils [JsonUtils.java:121] - JSON-设置时间格式为:yyyy-MM-dd HH:mm:ss
2019-01-25 22:30:27,322 INFO [http-nio-8090-exec-10] com.danning.silkroad.helipay.controller.DFTradeApi [DFTradeApi.java:64] - 【单笔代付查询】请求合利宝参数:{"p1_bizType":"TransferQuery","p2_orderId":"p_20190125220647","p3_customerNumber":null,"sign":""}
2019-01-25 22:30:27,437 DEBUG [http-nio-8090-exec-10] com.danning.silkroad.helipay.utils.JsonUtils [JsonUtils.java:116] - JSON-设置时区为:GMT+8:00
2019-01-25 22:30:27,438 DEBUG [http-nio-8090-exec-10] com.danning.silkroad.helipay.utils.JsonUtils [JsonUtils.java:121] - JSON-设置时间格式为:yyyy-MM-dd HH:mm:ss
2019-01-25 22:30:27,445 ERROR [http-nio-8090-exec-10] com.danning.silkroad.helipay.controller.DFTradeApi [DFTradeApi.java:67] - 请求参数【{"p3_customerNumber":"商户编号不能为空"}】异常
2019-01-25 22:30:41,062 DEBUG [http-nio-8090-exec-9] com.danning.silkroad.helipay.utils.JsonUtils [JsonUtils.java:116] - JSON-设置时区为:GMT+8:00
2019-01-25 22:30:41,063 DEBUG [http-nio-8090-exec-9] com.danning.silkroad.helipay.utils.JsonUtils [JsonUtils.java:121] - JSON-设置时间格式为:yyyy-MM-dd HH:mm:ss
2019-01-25 22:30:41,065 INFO [http-nio-8090-exec-9] com.danning.silkroad.helipay.controller.DFTradeApi [DFTradeApi.java:64] - 【单笔代付查询】请求合利宝参数:{"p1_bizType":"TransferQuery","p2_orderId":"p_20190125220647","p3_customerNumber":"C1800000002","sign":""}
2019-01-25 22:30:41,067 DEBUG [http-nio-8090-exec-9] com.danning.silkroad.helipay.utils.JsonUtils [JsonUtils.java:116] - JSON-设置时区为:GMT+8:00
2019-01-25 22:30:41,067 DEBUG [http-nio-8090-exec-9] com.danning.silkroad.helipay.utils.JsonUtils [JsonUtils.java:121] - JSON-设置时间格式为:yyyy-MM-dd HH:mm:ss
2019-01-25 22:30:41,068 INFO [http-nio-8090-exec-9] com.danning.silkroad.helipay.controller.DFTradeApi [DFTradeApi.java:80] - 【单笔代付查询】合利宝返回参数:{"p1_bizType":"TransferQuery","p2_orderId":"p_20190125220647","p3_customerNumber":"C1800000002","sign":""}
2019-01-25 22:30:41,069 DEBUG [http-nio-8090-exec-9] com.danning.silkroad.helipay.utils.JsonUtils [JsonUtils.java:116] - JSON-设置时区为:GMT+8:00
2019-01-25 22:30:41,070 DEBUG [http-nio-8090-exec-9] com.danning.silkroad.helipay.utils.JsonUtils [JsonUtils.java:121] - JSON-设置时间格式为:yyyy-MM-dd HH:mm:ss
2019-01-25 22:30:41,072 INFO [http-nio-8090-exec-9] com.danning.silkroad.helipay.common.response.SilkroadResponse [SilkroadResponse.java:55] - 业务成功 【单笔代付查询】请求成功 {"rt1_bizType":"TransferQuery","rt2_retCode":"0000","rt3_retMsg":"接收成功","rt4_customerNumber":"C1800000002","rt5_orderId":"p_20190125220647","rt6_serialNumber":"157267813","rt7_orderStatus":"INIT","rt8_reason":"","sign":"c31121c18acccc891075188325e59a67"}
2019-01-25 22:41:26,674 INFO [main] com.danning.silkroad.helipay.SilkroadLoanHelipayApplication [StartupInfoLogger.java:48] - Starting SilkroadLoanHelipayApplication on chenchao with PID 8348 (E:\code\sihuo\silkroad-loan-helipay\target\classes started by chao in E:\code\sihuo\silkroad-loan-helipay)
2019-01-25 22:41:26,678 DEBUG [main] com.danning.silkroad.helipay.SilkroadLoanHelipayApplication [StartupInfoLogger.java:51] - Running with Spring Boot v1.5.7.RELEASE, Spring v4.3.11.RELEASE
2019-01-25 22:41:26,679 INFO [main] com.danning.silkroad.helipay.SilkroadLoanHelipayApplication [SpringApplication.java:593] - No active profile set, falling back to default profiles: default
2019-01-25 22:41:26,783 INFO [main] org.springframework.boot.context.embedded.AnnotationConfigEmbeddedWebApplicationContext [AbstractApplicationContext.java:583] - Refreshing org.springframework.boot.context.embedded.AnnotationConfigEmbeddedWebApplicationContext@62150f9e: startup date [Fri Jan 25 22:41:26 CST 2019]; root of context hierarchy
2019-01-25 22:41:27,425 INFO [background-preinit] org.hibernate.validator.internal.util.Version [Version.java:30] - HV000001: Hibernate Validator 5.3.5.Final
2019-01-25 22:41:31,541 INFO [main] org.springframework.boot.context.embedded.tomcat.TomcatEmbeddedServletContainer [TomcatEmbeddedServletContainer.java:89] - Tomcat initialized with port(s): 8090 (http)
2019-01-25 22:41:31,569 INFO [main] org.apache.catalina.core.StandardService [DirectJDKLog.java:179] - Starting service [Tomcat]
2019-01-25 22:41:31,571 INFO [main] org.apache.catalina.core.StandardEngine [DirectJDKLog.java:179] - Starting Servlet Engine: Apache Tomcat/8.5.20
2019-01-25 22:41:31,793 INFO [localhost-startStop-1] org.apache.catalina.core.ContainerBase.[Tomcat].[localhost].[/] [DirectJDKLog.java:179] - Initializing Spring embedded WebApplicationContext
2019-01-25 22:41:31,794 INFO [localhost-startStop-1] org.springframework.web.context.ContextLoader [EmbeddedWebApplicationContext.java:276] - Root WebApplicationContext: initialization completed in 5011 ms
2019-01-25 22:41:32,076 INFO [localhost-startStop-1] org.springframework.boot.web.servlet.ServletRegistrationBean [ServletRegistrationBean.java:190] - Mapping servlet: 'dispatcherServlet' to [/]
2019-01-25 22:41:32,083 INFO [localhost-startStop-1] org.springframework.boot.web.servlet.FilterRegistrationBean [AbstractFilterRegistrationBean.java:258] - Mapping filter: 'characterEncodingFilter' to: [/*]
2019-01-25 22:41:32,085 INFO [localhost-startStop-1] org.springframework.boot.web.servlet.FilterRegistrationBean [AbstractFilterRegistrationBean.java:258] - Mapping filter: 'hiddenHttpMethodFilter' to: [/*]
2019-01-25 22:41:32,085 INFO [localhost-startStop-1] org.springframework.boot.web.servlet.FilterRegistrationBean [AbstractFilterRegistrationBean.java:258] - Mapping filter: 'httpPutFormContentFilter' to: [/*]
2019-01-25 22:41:32,086 INFO [localhost-startStop-1] org.springframework.boot.web.servlet.FilterRegistrationBean [AbstractFilterRegistrationBean.java:258] - Mapping filter: 'requestContextFilter' to: [/*]
2019-01-25 22:41:33,187 INFO [main] org.springframework.web.servlet.mvc.method.annotation.RequestMappingHandlerMapping [AbstractHandlerMethodMapping.java:543] - Mapped "{[/trade/df/singlePayment],methods=[POST],produces=[application/json;charset=UTF-8]}" onto public com.danning.silkroad.helipay.common.response.SilkroadResponse<com.danning.silkroad.helipay.common.response.builder.SinglePaymentBizResponse> com.danning.silkroad.helipay.controller.DFTradeApi.singlePayment(com.danning.silkroad.helipay.vo.SinglePaymentVO)
2019-01-25 22:41:33,190 INFO [main] org.springframework.web.servlet.mvc.method.annotation.RequestMappingHandlerMapping [AbstractHandlerMethodMapping.java:543] - Mapped "{[/trade/df/singlePaymentQuery],methods=[POST],produces=[application/json;charset=UTF-8]}" onto public com.danning.silkroad.helipay.common.response.SilkroadResponse<com.danning.silkroad.helipay.common.response.builder.SinglePaymentQueryBizResponse> com.danning.silkroad.helipay.controller.DFTradeApi.singlePaymentQuery(com.danning.silkroad.helipay.vo.SinglePaymentQueryVO)
2019-01-25 22:41:33,193 INFO [main] org.springframework.web.servlet.mvc.method.annotation.RequestMappingHandlerMapping [AbstractHandlerMethodMapping.java:543] - Mapped "{[/hello]}" onto public java.lang.String com.danning.silkroad.helipay.controller.HelloController.hello()
2019-01-25 22:41:33,211 INFO [main] org.springframework.web.servlet.mvc.method.annotation.RequestMappingHandlerMapping [AbstractHandlerMethodMapping.java:543] - Mapped "{[/swagger-resources/configuration/ui]}" onto public org.springframework.http.ResponseEntity<springfox.documentation.swagger.web.UiConfiguration> springfox.documentation.swagger.web.ApiResourceController.uiConfiguration()
2019-01-25 22:41:33,212 INFO [main] org.springframework.web.servlet.mvc.method.annotation.RequestMappingHandlerMapping [AbstractHandlerMethodMapping.java:543] - Mapped "{[/swagger-resources]}" onto public org.springframework.http.ResponseEntity<java.util.List<springfox.documentation.swagger.web.SwaggerResource>> springfox.documentation.swagger.web.ApiResourceController.swaggerResources()
2019-01-25 22:41:33,216 INFO [main] org.springframework.web.servlet.mvc.method.annotation.RequestMappingHandlerMapping [AbstractHandlerMethodMapping.java:543] - Mapped "{[/swagger-resources/configuration/security]}" onto public org.springframework.http.ResponseEntity<springfox.documentation.swagger.web.SecurityConfiguration> springfox.documentation.swagger.web.ApiResourceController.securityConfiguration()
2019-01-25 22:41:33,234 INFO [main] org.springframework.web.servlet.mvc.method.annotation.RequestMappingHandlerMapping [AbstractHandlerMethodMapping.java:543] - Mapped "{[/error]}" onto public org.springframework.http.ResponseEntity<java.util.Map<java.lang.String, java.lang.Object>> org.springframework.boot.autoconfigure.web.BasicErrorController.error(javax.servlet.http.HttpServletRequest)
2019-01-25 22:41:33,235 INFO [main] org.springframework.web.servlet.mvc.method.annotation.RequestMappingHandlerMapping [AbstractHandlerMethodMapping.java:543] - Mapped "{[/error],produces=[text/html]}" onto public org.springframework.web.servlet.ModelAndView org.springframework.boot.autoconfigure.web.BasicErrorController.errorHtml(javax.servlet.http.HttpServletRequest,javax.servlet.http.HttpServletResponse)
2019-01-25 22:41:33,506 INFO [main] springfox.documentation.spring.web.PropertySourcedRequestMappingHandlerMapping [PropertySourcedRequestMappingHandlerMapping.java:65] - Mapped URL path [/api-doc] onto method [public org.springframework.http.ResponseEntity<springfox.documentation.spring.web.json.Json> springfox.documentation.swagger2.web.Swagger2Controller.getDocumentation(java.lang.String,javax.servlet.http.HttpServletRequest)]
2019-01-25 22:41:33,990 INFO [main] org.springframework.web.servlet.mvc.method.annotation.RequestMappingHandlerAdapter [RequestMappingHandlerAdapter.java:534] - Looking for @ControllerAdvice: org.springframework.boot.context.embedded.AnnotationConfigEmbeddedWebApplicationContext@62150f9e: startup date [Fri Jan 25 22:41:26 CST 2019]; root of context hierarchy
2019-01-25 22:41:34,088 INFO [main] org.springframework.web.servlet.handler.SimpleUrlHandlerMapping [AbstractUrlHandlerMapping.java:362] - Mapped URL path [/webjars/**] onto handler of type [class org.springframework.web.servlet.resource.ResourceHttpRequestHandler]
2019-01-25 22:41:34,089 INFO [main] org.springframework.web.servlet.handler.SimpleUrlHandlerMapping [AbstractUrlHandlerMapping.java:362] - Mapped URL path [/**] onto handler of type [class org.springframework.web.servlet.resource.ResourceHttpRequestHandler]
2019-01-25 22:41:34,164 INFO [main] org.springframework.web.servlet.handler.SimpleUrlHandlerMapping [AbstractUrlHandlerMapping.java:362] - Mapped URL path [/**/favicon.ico] onto handler of type [class org.springframework.web.servlet.resource.ResourceHttpRequestHandler]
2019-01-25 22:41:34,502 INFO [main] org.springframework.jmx.export.annotation.AnnotationMBeanExporter [MBeanExporter.java:431] - Registering beans for JMX exposure on startup
2019-01-25 22:41:34,517 INFO [main] org.springframework.context.support.DefaultLifecycleProcessor [DefaultLifecycleProcessor.java:343] - Starting beans in phase 2147483647
2019-01-25 22:41:34,519 INFO [main] springfox.documentation.spring.web.plugins.DocumentationPluginsBootstrapper [DocumentationPluginsBootstrapper.java:151] - Context refreshed
2019-01-25 22:41:34,570 INFO [main] springfox.documentation.spring.web.plugins.DocumentationPluginsBootstrapper [DocumentationPluginsBootstrapper.java:154] - Found 1 custom documentation plugin(s)
2019-01-25 22:41:34,616 INFO [main] springfox.documentation.spring.web.scanners.ApiListingReferenceScanner [ApiListingReferenceScanner.java:41] - Scanning for api listing references
2019-01-25 22:41:35,056 INFO [main] org.apache.coyote.http11.Http11NioProtocol [DirectJDKLog.java:179] - Initializing ProtocolHandler ["http-nio-8090"]
2019-01-25 22:41:35,080 INFO [main] org.apache.coyote.http11.Http11NioProtocol [DirectJDKLog.java:179] - Starting ProtocolHandler ["http-nio-8090"]
2019-01-25 22:41:35,105 INFO [main] org.apache.tomcat.util.net.NioSelectorPool [DirectJDKLog.java:179] - Using a shared selector for servlet write/read
2019-01-25 22:41:35,197 INFO [main] org.springframework.boot.context.embedded.tomcat.TomcatEmbeddedServletContainer [TomcatEmbeddedServletContainer.java:201] - Tomcat started on port(s): 8090 (http)
2019-01-25 22:41:35,205 INFO [main] com.danning.silkroad.helipay.SilkroadLoanHelipayApplication [StartupInfoLogger.java:57] - Started SilkroadLoanHelipayApplication in 9.162 seconds (JVM running for 9.837)
2019-01-25 22:41:41,538 INFO [http-nio-8090-exec-3] org.apache.catalina.core.ContainerBase.[Tomcat].[localhost].[/] [DirectJDKLog.java:179] - Initializing Spring FrameworkServlet 'dispatcherServlet'
2019-01-25 22:41:41,539 INFO [http-nio-8090-exec-3] org.springframework.web.servlet.DispatcherServlet [FrameworkServlet.java:489] - FrameworkServlet 'dispatcherServlet': initialization started
2019-01-25 22:41:41,576 INFO [http-nio-8090-exec-3] org.springframework.web.servlet.DispatcherServlet [FrameworkServlet.java:508] - FrameworkServlet 'dispatcherServlet': initialization completed in 37 ms
2019-01-25 22:42:13,912 DEBUG [http-nio-8090-exec-4] com.danning.silkroad.helipay.utils.JsonUtils [JsonUtils.java:116] - JSON-设置时区为:GMT+8:00
2019-01-25 22:42:13,913 DEBUG [http-nio-8090-exec-4] com.danning.silkroad.helipay.utils.JsonUtils [JsonUtils.java:121] - JSON-设置时间格式为:yyyy-MM-dd HH:mm:ss
2019-01-25 22:42:13,927 INFO [http-nio-8090-exec-4] com.danning.silkroad.helipay.controller.DFTradeApi [DFTradeApi.java:41] - 【单笔代付】合利宝请求参数:{"p1_bizType":"Transfer","p2_orderId":"p_20190125170814","p3_customerNumber":"C1800000002","p4_amount":0.01,"p5_bankCode":"CCB","p6_bankAccountNo":"6225768786277523","p7_bankAccountName":"441622199203210775","p8_biz":"B2C","p9_bankUnionCode":"","p10_feeType":"PAYER","p11_urgency":"true","p12_summary":"true","notifyUrl":"http://localhost:8080/transfer/notify"}
2019-01-25 22:42:14,026 INFO [http-nio-8090-exec-4] com.danning.silkroad.helipay.controller.DFTradeApi [DFTradeApi.java:58] - 【单笔代付】合利宝返回参数:SinglePaymentBizResponse(rt1_bizType=Transfer, rt2_retCode=0000, rt3_retMsg=接收成功, rt4_customerNumber=C1800000002, rt5_orderId=p_20190125220647, rt6_serialNumber=157267813, sign=325d01f54283a5df20ce9b33b12c4379)
2019-01-25 22:42:14,027 DEBUG [http-nio-8090-exec-4] com.danning.silkroad.helipay.utils.JsonUtils [JsonUtils.java:116] - JSON-设置时区为:GMT+8:00
2019-01-25 22:42:14,028 DEBUG [http-nio-8090-exec-4] com.danning.silkroad.helipay.utils.JsonUtils [JsonUtils.java:121] - JSON-设置时间格式为:yyyy-MM-dd HH:mm:ss
2019-01-25 22:42:14,031 INFO [http-nio-8090-exec-4] com.danning.silkroad.helipay.common.response.SilkroadResponse [SilkroadResponse.java:55] - 业务成功 【单笔代付】请求成功 {"rt1_bizType":"Transfer","rt2_retCode":"0000","rt3_retMsg":"接收成功","rt4_customerNumber":"C1800000002","rt5_orderId":"p_20190125220647","rt6_serialNumber":"157267813","sign":"325d01f54283a5df20ce9b33b12c4379"}
